<?xml version="1.0" encoding="UTF-8"?>
<testng-results skipped="0" failed="0" ignored="0" total="1" passed="1">
  <reporter-output>
  </reporter-output>
  <suite name="Default suite" duration-ms="2819" started-at="2021-07-09T22:47:00Z" finished-at="2021-07-09T22:47:03Z">
    <groups>
    </groups>
    <test name="Default test" duration-ms="2819" started-at="2021-07-09T22:47:00Z" finished-at="2021-07-09T22:47:03Z">
      <class name="test.AddCategoryTest">
        <test-method status="PASS" signature="validUserShouldBeAbleToAddCategory()[pri:0, instance:test.AddCategoryTest@45018215]" name="validUserShouldBeAbleToAddCategory" duration-ms="2804" started-at="2021-07-09T22:47:00Z" finished-at="2021-07-09T22:47:03Z">
          <reporter-output>
          </reporter-output>
        </test-method> <!-- validUserShouldBeAbleToAddCategory -->
      </class> <!-- test.AddCategoryTest -->
    </test> <!-- Default test -->
  </suite> <!-- Default suite -->
</testng-results>
